Tue Feb 27 22:15:13 EST 2018
Product head nodes:
back
bail
bake
ball
bank
bike
cafe
call
cape
cell
cope
dame
deck
dill
dime
dock
doll
duck
face
fame
file
fire
gain
gale
galn
gate
hell
hide
hill
hire
hole
hope
kind
king
lack
line
link
list
lock
long
main
make
male
mice
mime
mind
mini
mint
mist
pace
page
pain
pair
pick
pike
pile
pink
rain
rice
ride
role
roll
safe
sage
sick
sing
song
suck
tale
talk
tank
wind
wine

Terminal nodes:
find
gong
hair
hate
home
kale
kick
lake
lung
maid
midi
neck
rate
ring
ruin
walk
wife
